[debug] [2021-03-08T21:54:23.978Z] ----------------------------------------------------------------------
[debug] [2021-03-08T21:54:23.980Z] Command:       C:\Program Files\nodejs\node.exe C:\Users\again\AppData\Roaming\npm\node_modules\firebase-tools\lib\bin\firebase.js init hosting
[debug] [2021-03-08T21:54:23.980Z] CLI Version:   9.6.0
[debug] [2021-03-08T21:54:23.980Z] Platform:      win32
[debug] [2021-03-08T21:54:23.980Z] Node Version:  v14.4.0
[debug] [2021-03-08T21:54:23.981Z] Time:          Mon Mar 08 2021 17:54:23 GMT-0400 (Venezuela Time)
[debug] [2021-03-08T21:54:23.981Z] ----------------------------------------------------------------------
[debug] [2021-03-08T21:54:23.981Z] 
[debug] [2021-03-08T21:54:23.986Z] > command requires scopes: ["email","openid","https://www.googleapis.com/auth/cloudplatformprojects.readonly","https://www.googleapis.com/auth/firebase","https://www.googleapis.com/auth/cloud-platform"]
[debug] [2021-03-08T21:54:23.987Z] > authorizing via signed-in user
[info] 
     ######## #### ########  ######## ########     ###     ######  ########
     ##        ##  ##     ## ##       ##     ##  ##   ##  ##       ##
     ######    ##  ########  ######   ########  #########  ######  ######
     ##        ##  ##    ##  ##       ##     ## ##     ##       ## ##
     ##       #### ##     ## ######## ########  ##     ##  ######  ########

You're about to initialize a Firebase project in this directory:

  C:\Users\again\Desktop\Proyectos\React projects\Roberto App - Server

[info] 
=== Project Setup
[info] 
[info] First, let's associate this project directory with a Firebase project.
[info] You can create multiple project aliases by running firebase use --add, 
[info] but for now we'll just set up a default project.
[info] 
[debug] [2021-03-08T21:54:34.210Z] > refreshing access token with scopes: []
[debug] [2021-03-08T21:54:34.210Z] >>> HTTP REQUEST POST https://www.googleapis.com/oauth2/v3/token  
 <request body omitted>
[debug] [2021-03-08T21:54:36.129Z] <<< HTTP RESPONSE 200 {"pragma":"no-cache","date":"Mon, 08 Mar 2021 21:54:36 GMT","expires":"Mon, 01 Jan 1990 00:00:00 GMT","cache-control":"no-cache, no-store, max-age=0, must-revalidate","content-type":"application/json; charset=utf-8","vary":"X-Origin, Referer, Origin,Accept-Encoding","server":"scaffolding on HTTPServer2","x-xss-protection":"0","x-frame-options":"SAMEORIGIN","x-content-type-options":"nosniff","alt-svc":"h3-29=\":443\"; ma=2592000,h3-T051=\":443\"; ma=2592000,h3-Q050=\":443\"; ma=2592000,h3-Q046=\":443\"; ma=2592000,h3-Q043=\":443\"; ma=2592000,quic=\":443\"; ma=2592000; v=\"46,43\"","accept-ranges":"none","transfer-encoding":"chunked"}
[debug] [2021-03-08T21:54:36.133Z] >>> [apiv2][query] GET https://firebase.googleapis.com/v1beta1/projects pageSize=100
[debug] [2021-03-08T21:54:38.307Z] <<< [apiv2][status] GET https://firebase.googleapis.com/v1beta1/projects 200
[debug] [2021-03-08T21:54:38.307Z] <<< [apiv2][body] GET https://firebase.googleapis.com/v1beta1/projects [omitted]
[info] i  Using project rob-test-a493c (Rob-test) 
[info] 
=== Hosting Setup
[info] 
[info] Your public directory is the folder (relative to your project directory) that
[info] will contain Hosting assets to be uploaded with firebase deploy. If you
[info] have a build process for your assets, use your build's output directory.
[info] 
